0 info it worked if it ends with ok
1 verbose cli [ '/usr/bin/node', '/usr/bin/npm', 'start' ]
2 info using npm@3.5.2
3 info using node@v8.10.0
4 verbose run-script [ 'prestart', 'start', 'poststart' ]
5 info lifecycle prediction_app_api@1.0.0~prestart: prediction_app_api@1.0.0
6 silly lifecycle prediction_app_api@1.0.0~prestart: no script for prestart, continuing
7 info lifecycle prediction_app_api@1.0.0~start: prediction_app_api@1.0.0
8 verbose lifecycle prediction_app_api@1.0.0~start: unsafe-perm in lifecycle true
9 verbose lifecycle prediction_app_api@1.0.0~start: PATH: /usr/share/npm/bin/node-gyp-bin:/home/sergiu/RUNDA/PredictionApp/API/node_modules/.bin:/usr/local/sbin:/usr/local/bin:/usr/sbin:/usr/bin:/sbin:/bin:/usr/games:/usr/local/games:/mnt/c/Program Files/WindowsApps/CanonicalGroupLimited.UbuntuonWindows_2004.2020.424.0_x64__79rhkp1fndgsc:/mnt/c/Python27/:/mnt/c/Python27/Scripts:/mnt/c/OracleDBServer/bin:/mnt/c/Program Files (x86)/Common Files/Oracle/Java/javapath:/mnt/c/Windows/system32:/mnt/c/Windows:/mnt/c/Windows/System32/Wbem:/mnt/c/Windows/System32/WindowsPowerShell/v1.0/:/mnt/c/Windows/System32/OpenSSH/:/mnt/c/Program Files (x86)/NVIDIA Corporation/PhysX/Common:/mnt/c/Program Files/Git/cmd:/mnt/c/MinGW/bin:/mnt/c/Program Files/Java/jdk-13.0.2/bin:/mnt/c/PHP:/mnt/c/Program Files/MySQL/MySQL Server 8.0/bin:/mnt/c/Users/Sergiu/Desktop/Personal/Scripts:/mnt/c/alki-v1.1/v1.1/Windows:/mnt/c/ProgramData/chocolatey/bin:/mnt/c/Program Files/MySQL/MySQL Workbench 8.0 CE:/mnt/c/Program Files/nodejs/:/mnt/c/Users/Sergiu/miniconda3:/mnt/c/Users/Sergiu/miniconda3/Library/mingw-w64/bin:/mnt/c/Users/Sergiu/miniconda3/Library/usr/bin:/mnt/c/Users/Sergiu/miniconda3/Library/bin:/mnt/c/Users/Sergiu/miniconda3/Scripts:/mnt/c/Program Files/MySQL/MySQL Shell 8.0/bin/:/mnt/c/Users/Sergiu/AppData/Local/Microsoft/WindowsApps:/mnt/c/Users/Sergiu/AppData/Local/Programs/Microsoft VS Code/bin:/mnt/c/Program Files/JetBrains/IntelliJ IDEA Community Edition 2019.3.3/bin:/mnt/c/iverilog/bin:/mnt/c/iverilog/gtkwave/bin:/mnt/c/Program Files/JetBrains/DataGrip 2019.3.4/bin:/mnt/c/Program Files/JetBrains/PhpStorm 2019.3.4/bin:/mnt/c/Program Files/SDCC/bin:/mnt/c/Program Files/JetBrains/WebStorm 2020.1/bin:/mnt/c/Users/Sergiu/AppData/Roaming/npm:/snap/bin
10 verbose lifecycle prediction_app_api@1.0.0~start: CWD: /home/sergiu/RUNDA/PredictionApp/API
11 silly lifecycle prediction_app_api@1.0.0~start: Args: [ '-c', 'sudo node $npm_package_main' ]
12 silly lifecycle prediction_app_api@1.0.0~start: Returned: code: 1  signal: null
13 info lifecycle prediction_app_api@1.0.0~start: Failed to exec start script
14 verbose stack Error: prediction_app_api@1.0.0 start: `sudo node $npm_package_main`
14 verbose stack Exit status 1
14 verbose stack     at EventEmitter.<anonymous> (/usr/share/npm/lib/utils/lifecycle.js:232:16)
14 verbose stack     at emitTwo (events.js:126:13)
14 verbose stack     at EventEmitter.emit (events.js:214:7)
14 verbose stack     at ChildProcess.<anonymous> (/usr/share/npm/lib/utils/spawn.js:24:14)
14 verbose stack     at emitTwo (events.js:126:13)
14 verbose stack     at ChildProcess.emit (events.js:214:7)
14 verbose stack     at maybeClose (internal/child_process.js:925:16)
14 verbose stack     at Process.ChildProcess._handle.onexit (internal/child_process.js:209:5)
15 verbose pkgid prediction_app_api@1.0.0
16 verbose cwd /home/sergiu/RUNDA/PredictionApp/API
17 error Linux 4.4.0-18362-Microsoft
18 error argv "/usr/bin/node" "/usr/bin/npm" "start"
19 error node v8.10.0
20 error npm  v3.5.2
21 error code ELIFECYCLE
22 error prediction_app_api@1.0.0 start: `sudo node $npm_package_main`
22 error Exit status 1
23 error Failed at the prediction_app_api@1.0.0 start script 'sudo node $npm_package_main'.
23 error Make sure you have the latest version of node.js and npm installed.
23 error If you do, this is most likely a problem with the prediction_app_api package,
23 error not with npm itself.
23 error Tell the author that this fails on your system:
23 error     sudo node $npm_package_main
23 error You can get information on how to open an issue for this project with:
23 error     npm bugs prediction_app_api
23 error Or if that isn't available, you can get their info via:
23 error     npm owner ls prediction_app_api
23 error There is likely additional logging output above.
24 verbose exit [ 1, true ]
